<?xml version="1.0" encoding="UTF-8"?>
<!-- Generated by org.testng.reporters.JUnitReportReporter -->
<testsuite skipped="0" hostname="Fernando-PC" name="org.example.TestSuite" tests="4" failures="0" timestamp="2022-01-17T17:44:37 GMT" time="65.844" errors="0">
  <testcase name="verifyUserIsAbleToReferAProduct" time="23.006" classname="org.example.TestSuite"/>
  <system-out/>
  <testcase name="verifyUserIsAbleToPostAComment" time="10.684" classname="org.example.TestSuite"/>
  <system-out/>
  <testcase name="verifyUserIsAbleToNavigateToTheDesktopPage" time="20.377" classname="org.example.TestSuite"/>
  <system-out/>
  <testcase name="verifyUserShouldBeAbleToRegisterSuccessfully" time="11.777" classname="org.example.TestSuite"/>
  <system-out/>
</testsuite> <!-- org.example.TestSuite -->
